INFO     planner time limit: 300s
INFO     planner memory limit: 3584 MB

INFO     Running translator.
INFO     translator stdin: None
INFO     translator time limit: 299s
INFO     translator memory limit: 3584 MB
INFO     translator command line string: /home/luka/Thesis/downward/experiments/ObslukThesis/.venv/bin/python /home/luka/Thesis/downward/experiments/ObslukThesis/data/2020-09-11-A-cg-vs-ff/code-a80d46767301cbda270fa823af235024b24560e8_e5e41175/builds/release/bin/translate/translate.py domain.pddl problem.pddl --sas-file output.sas
Parsing...
Parsing: [0.000s CPU, 0.004s wall-clock]
Normalizing task... [0.000s CPU, 0.000s wall-clock]
Instantiating...
Generating Datalog program... [0.000s CPU, 0.000s wall-clock]
Normalizing Datalog program...
Normalizing Datalog program: [0.010s CPU, 0.005s wall-clock]
Preparing model... [0.000s CPU, 0.002s wall-clock]
Generated 46 rules.
Computing model... [0.030s CPU, 0.033s wall-clock]
3114 relevant atoms
1522 auxiliary atoms
4636 final queue length
9238 total queue pushes
Completing instantiation... [0.100s CPU, 0.112s wall-clock]
Instantiating: [0.150s CPU, 0.154s wall-clock]
Computing fact groups...
Finding invariants...
12 initial candidates
Finding invariants: [0.010s CPU, 0.003s wall-clock]
Checking invariant weight... [0.000s CPU, 0.000s wall-clock]
Instantiating groups... [0.000s CPU, 0.001s wall-clock]
Collecting mutex groups... [0.000s CPU, 0.000s wall-clock]
Choosing groups...
18 uncovered facts
Choosing groups: [0.000s CPU, 0.001s wall-clock]
Building translation key... [0.000s CPU, 0.000s wall-clock]
Computing fact groups: [0.010s CPU, 0.006s wall-clock]
Building STRIPS to SAS dictionary... [0.000s CPU, 0.000s wall-clock]
Building dictionary for full mutex groups... [0.000s CPU, 0.000s wall-clock]
Building mutex information...
Building mutex information: [0.000s CPU, 0.000s wall-clock]
Translating task...
Processing axioms...
Simplifying axioms... [0.000s CPU, 0.000s wall-clock]
Translator axioms removed by simplifying: 0
Computing negative axioms... [0.000s CPU, 0.000s wall-clock]
Processing axioms: [0.010s CPU, 0.006s wall-clock]
Translating task: [0.100s CPU, 0.099s wall-clock]
225 effect conditions simplified
0 implied preconditions added
Detecting unreachable propositions...
0 operators removed
0 axioms removed
52 propositions removed
Detecting unreachable propositions: [0.050s CPU, 0.047s wall-clock]
Reordering and filtering variables...
19 of 19 variables necessary.
1 of 19 mutex groups necessary.
2384 of 2384 operators necessary.
0 of 0 axiom rules necessary.
Reordering and filtering variables: [0.010s CPU, 0.013s wall-clock]
Translator variables: 19
Translator derived variables: 0
Translator facts: 277
Translator goal facts: 1
Translator mutex groups: 1
Translator total mutex groups size: 10
Translator operators: 2384
Translator axioms: 0
Translator task size: 14119
Translator peak memory: 53964 KB
Writing output... [0.020s CPU, 0.019s wall-clock]
Done! [0.350s CPU, 0.350s wall-clock]
translate exit code: 0

INFO     Running search (release).
INFO     search stdin: output.sas
INFO     search time limit: 299s
INFO     search memory limit: 3584 MB
INFO     search command line string: /home/luka/Thesis/downward/experiments/ObslukThesis/data/2020-09-11-A-cg-vs-ff/code-a80d46767301cbda270fa823af235024b24560e8_e5e41175/builds/release/bin/downward --search 'eager_greedy([cg(transform=adapt_costs(one))])' --internal-plan-file sas_plan < output.sas
[t=0.00399939s, 11388 KB] reading input...
[t=0.0199982s, 12000 KB] done reading input!
[t=0.0199982s, 12396 KB] Initializing causal graph heuristic...
[t=0.0239956s, 12396 KB] Initializing heuristic cache... building causal graph...done! [t=0s]
[t=0.0279996s, 18776 KB] done!
[t=0.032001s, 19304 KB] Building successor generator...done!
[t=0.0359988s, 19304 KB] peak memory difference for successor generator creation: 0 KB
[t=0.0359988s, 19304 KB] time for successor generation creation: 0.00399778s
[t=0.0359988s, 19304 KB] Variables: 19
[t=0.0359988s, 19304 KB] FactPairs: 277
[t=0.0359988s, 19304 KB] Bytes per state: 8
[t=0.0359988s, 19304 KB] Conducting best first search without reopening closed nodes, (real) bound = 2147483647
[t=0.0359988s, 19304 KB] New best heuristic value for cg(transform=adapt_costs(one)): 6
[t=0.0359988s, 19304 KB] g=0, 1 evaluated, 0 expanded
[t=0.0359988s, 19304 KB] Initial heuristic value for cg(transform=adapt_costs(one)): 6
[t=0.0359988s, 19304 KB] pruning method: none
[t=0.0519376s, 19304 KB] New best heuristic value for cg(transform=adapt_costs(one)): 5
[t=0.0519376s, 19304 KB] g=9, 370 evaluated, 228 expanded
[t=0.0519376s, 19304 KB] New best heuristic value for cg(transform=adapt_costs(one)): 4
[t=0.0519376s, 19304 KB] g=10, 377 evaluated, 229 expanded
[t=0.0519376s, 19304 KB] New best heuristic value for cg(transform=adapt_costs(one)): 3
[t=0.0519376s, 19304 KB] g=11, 378 evaluated, 230 expanded
[t=0.0519376s, 19304 KB] New best heuristic value for cg(transform=adapt_costs(one)): 2
[t=0.0519376s, 19304 KB] g=12, 381 evaluated, 231 expanded
[t=0.0519376s, 19304 KB] New best heuristic value for cg(transform=adapt_costs(one)): 1
[t=0.0519376s, 19304 KB] g=13, 386 evaluated, 232 expanded
[t=0.0519376s, 19304 KB] New best heuristic value for cg(transform=adapt_costs(one)): 0
[t=0.0519376s, 19304 KB] g=14, 391 evaluated, 233 expanded
[t=0.0519376s, 19304 KB] Solution found!
[t=0.0519376s, 19304 KB] Actual search time: 0.0159388s
move node2-4 node1-4 (1)
move node1-4 node1-3 (1)
move node1-3 node0-3 (1)
move node0-3 node0-2 (1)
pickup node0-2 key3 (1)
move node0-2 node0-3 (1)
move node0-3 node1-3 (1)
unlock node1-3 node2-3 key3 square (1)
move node1-3 node2-3 (1)
pickup-and-loose node2-3 key0 key3 (1)
move node2-3 node1-3 (1)
move node1-3 node1-2 (1)
move node1-2 node1-1 (1)
putdown node1-1 key0 (1)
[t=0.0519376s, 19304 KB] Plan length: 14 step(s).
[t=0.0519376s, 19304 KB] Plan cost: 14
[t=0.0519376s, 19304 KB] Expanded 234 state(s).
[t=0.0519376s, 19304 KB] Reopened 0 state(s).
[t=0.0519376s, 19304 KB] Evaluated 391 state(s).
[t=0.0519376s, 19304 KB] Evaluations: 391
[t=0.0519376s, 19304 KB] Generated 770 state(s).
[t=0.0519376s, 19304 KB] Dead ends: 0 state(s).
[t=0.0519376s, 19304 KB] Number of registered states: 391
[t=0.0519376s, 19304 KB] Int hash set load factor: 391/512 = 0.763672
[t=0.0519376s, 19304 KB] Int hash set resizes: 9
[t=0.0519376s, 19304 KB] Search time: 0.0159388s
[t=0.0519376s, 19304 KB] Total time: 0.0519376s
Solution found.
Peak memory: 19304 KB
Remove intermediate file output.sas
search exit code: 0

INFO     Running validate.
INFO     validate stdin: None
INFO     validate time limit: None
INFO     validate memory limit: None
INFO     validate command line string: validate domain.pddl problem.pddl sas_plan
