INFO     planner time limit: 300s
INFO     planner memory limit: 3584 MB

INFO     Running translator.
INFO     translator stdin: None
INFO     translator time limit: 299s
INFO     translator memory limit: 3584 MB
INFO     translator command line string: /home/luka/Thesis/downward/experiments/ObslukThesis/.venv/bin/python /home/luka/Thesis/downward/experiments/ObslukThesis/data/2020-09-11-A-cg-vs-ff/code-a80d46767301cbda270fa823af235024b24560e8_e5e41175/builds/release/bin/translate/translate.py domain.pddl problem.pddl --sas-file output.sas
Parsing...
Parsing: [0.000s CPU, 0.003s wall-clock]
Normalizing task... [0.000s CPU, 0.000s wall-clock]
Instantiating...
Generating Datalog program... [0.000s CPU, 0.000s wall-clock]
Normalizing Datalog program...
Normalizing Datalog program: [0.010s CPU, 0.006s wall-clock]
Preparing model... [0.000s CPU, 0.001s wall-clock]
Generated 61 rules.
Computing model... [0.000s CPU, 0.004s wall-clock]
181 relevant atoms
255 auxiliary atoms
436 final queue length
594 total queue pushes
Completing instantiation... [0.010s CPU, 0.003s wall-clock]
Instantiating: [0.020s CPU, 0.015s wall-clock]
Computing fact groups...
Finding invariants...
16 initial candidates
Finding invariants: [0.000s CPU, 0.006s wall-clock]
Checking invariant weight... [0.000s CPU, 0.000s wall-clock]
Instantiating groups... [0.000s CPU, 0.001s wall-clock]
Collecting mutex groups... [0.000s CPU, 0.000s wall-clock]
Choosing groups...
14 uncovered facts
Choosing groups: [0.000s CPU, 0.000s wall-clock]
Building translation key... [0.000s CPU, 0.000s wall-clock]
Computing fact groups: [0.000s CPU, 0.008s wall-clock]
Building STRIPS to SAS dictionary... [0.000s CPU, 0.000s wall-clock]
Building dictionary for full mutex groups... [0.000s CPU, 0.000s wall-clock]
Building mutex information...
Building mutex information: [0.000s CPU, 0.000s wall-clock]
Translating task...
Processing axioms...
Simplifying axioms... [0.000s CPU, 0.000s wall-clock]
Translator axioms removed by simplifying: 0
Computing negative axioms... [0.000s CPU, 0.000s wall-clock]
Processing axioms: [0.000s CPU, 0.000s wall-clock]
Translating task: [0.010s CPU, 0.004s wall-clock]
72 effect conditions simplified
0 implied preconditions added
Detecting unreachable propositions...
0 operators removed
0 axioms removed
18 propositions removed
Detecting unreachable propositions: [0.000s CPU, 0.002s wall-clock]
Reordering and filtering variables...
14 of 14 variables necessary.
10 of 14 mutex groups necessary.
72 of 72 operators necessary.
0 of 0 axiom rules necessary.
Reordering and filtering variables: [0.000s CPU, 0.001s wall-clock]
Translator variables: 14
Translator derived variables: 0
Translator facts: 48
Translator goal facts: 2
Translator mutex groups: 10
Translator total mutex groups size: 48
Translator operators: 72
Translator axioms: 0
Translator task size: 622
Translator peak memory: 44704 KB
Writing output... [0.000s CPU, 0.001s wall-clock]
Done! [0.030s CPU, 0.037s wall-clock]
translate exit code: 0

INFO     Running search (release).
INFO     search stdin: output.sas
INFO     search time limit: 299s
INFO     search memory limit: 3584 MB
INFO     search command line string: /home/luka/Thesis/downward/experiments/ObslukThesis/data/2020-09-11-A-cg-vs-ff/code-a80d46767301cbda270fa823af235024b24560e8_e5e41175/builds/release/bin/downward --search 'eager_greedy([cg(transform=adapt_costs(one))])' --internal-plan-file sas_plan < output.sas
[t=0s, 11388 KB] reading input...
[t=0s, 11388 KB] done reading input!
[t=0.00399868s, 11644 KB] Initializing causal graph heuristic...
[t=0.00399868s, 11644 KB] Initializing heuristic cache... building causal graph...done! [t=0s]
[t=0.00399868s, 12804 KB] done!
[t=0.00399868s, 12804 KB] Building successor generator...done!
[t=0.00399868s, 12804 KB] peak memory difference for successor generator creation: 0 KB
[t=0.00399868s, 12804 KB] time for successor generation creation: 0s
[t=0.00399868s, 12804 KB] Variables: 14
[t=0.00399868s, 12804 KB] FactPairs: 48
[t=0.00399868s, 12804 KB] Bytes per state: 4
[t=0.00399868s, 12804 KB] Conducting best first search without reopening closed nodes, (real) bound = 2147483647
[t=0.00399868s, 12804 KB] New best heuristic value for cg(transform=adapt_costs(one)): 7
[t=0.00399868s, 12804 KB] g=0, 1 evaluated, 0 expanded
[t=0.00399868s, 12804 KB] Initial heuristic value for cg(transform=adapt_costs(one)): 7
[t=0.00399868s, 12804 KB] pruning method: none
[t=0.00399868s, 12804 KB] New best heuristic value for cg(transform=adapt_costs(one)): 6
[t=0.00399868s, 12804 KB] g=3, 30 evaluated, 11 expanded
[t=0.00399868s, 12804 KB] New best heuristic value for cg(transform=adapt_costs(one)): 5
[t=0.00399868s, 12804 KB] g=4, 35 evaluated, 12 expanded
[t=0.00399868s, 12804 KB] New best heuristic value for cg(transform=adapt_costs(one)): 4
[t=0.00399868s, 12804 KB] g=6, 79 evaluated, 31 expanded
[t=0.00399868s, 12804 KB] New best heuristic value for cg(transform=adapt_costs(one)): 3
[t=0.00399868s, 12804 KB] g=7, 83 evaluated, 32 expanded
[t=0.0079966s, 12804 KB] New best heuristic value for cg(transform=adapt_costs(one)): 2
[t=0.0079966s, 12804 KB] g=8, 87 evaluated, 33 expanded
[t=0.0079966s, 12804 KB] New best heuristic value for cg(transform=adapt_costs(one)): 1
[t=0.0079966s, 12804 KB] g=9, 96 evaluated, 34 expanded
[t=0.0079966s, 12804 KB] New best heuristic value for cg(transform=adapt_costs(one)): 0
[t=0.0079966s, 12804 KB] g=10, 103 evaluated, 35 expanded
[t=0.0079966s, 12804 KB] Solution found!
[t=0.0079966s, 12804 KB] Actual search time: 0.00399792s
lift hoist0 crate1 pallet0 depot0 (1)
load hoist0 crate1 truck1 depot0 (1)
drive truck1 depot0 distributor0 (1)
lift hoist1 crate0 pallet1 distributor0 (1)
load hoist1 crate0 truck1 distributor0 (1)
unload hoist1 crate1 truck1 distributor0 (1)
drive truck1 distributor0 distributor1 (1)
unload hoist2 crate0 truck1 distributor1 (1)
drop hoist1 crate1 pallet1 distributor0 (1)
drop hoist2 crate0 pallet2 distributor1 (1)
[t=0.0079966s, 12804 KB] Plan length: 10 step(s).
[t=0.0079966s, 12804 KB] Plan cost: 10
[t=0.0079966s, 12804 KB] Expanded 36 state(s).
[t=0.0079966s, 12804 KB] Reopened 0 state(s).
[t=0.0079966s, 12804 KB] Evaluated 103 state(s).
[t=0.0079966s, 12804 KB] Evaluations: 103
[t=0.0079966s, 12804 KB] Generated 212 state(s).
[t=0.0079966s, 12804 KB] Dead ends: 0 state(s).
[t=0.0079966s, 12804 KB] Number of registered states: 103
[t=0.0079966s, 12804 KB] Int hash set load factor: 103/128 = 0.804688
[t=0.0079966s, 12804 KB] Int hash set resizes: 7
[t=0.0079966s, 12804 KB] Search time: 0.00399792s
[t=0.0079966s, 12804 KB] Total time: 0.0079966s
Solution found.
Peak memory: 12804 KB
Remove intermediate file output.sas
search exit code: 0

INFO     Running validate.
INFO     validate stdin: None
INFO     validate time limit: None
INFO     validate memory limit: None
INFO     validate command line string: validate domain.pddl problem.pddl sas_plan
