INFO     planner time limit: 300s
INFO     planner memory limit: 3584 MB

INFO     Running translator.
INFO     translator stdin: None
INFO     translator time limit: 299s
INFO     translator memory limit: 3584 MB
INFO     translator command line string: /home/luka/Thesis/downward/experiments/ObslukThesis/.venv/bin/python /home/luka/Thesis/downward/experiments/ObslukThesis/data/2020-09-11-A-cg-vs-ff/code-a80d46767301cbda270fa823af235024b24560e8_e5e41175/builds/release/bin/translate/translate.py domain.pddl problem.pddl --sas-file output.sas
Parsing...
Parsing: [0.000s CPU, 0.002s wall-clock]
Normalizing task... [0.000s CPU, 0.000s wall-clock]
Instantiating...
Generating Datalog program... [0.000s CPU, 0.000s wall-clock]
Normalizing Datalog program...
Normalizing Datalog program: [0.000s CPU, 0.002s wall-clock]
Preparing model... [0.000s CPU, 0.001s wall-clock]
Generated 24 rules.
Computing model... [0.000s CPU, 0.001s wall-clock]
81 relevant atoms
60 auxiliary atoms
141 final queue length
180 total queue pushes
Completing instantiation... [0.000s CPU, 0.001s wall-clock]
Instantiating: [0.000s CPU, 0.005s wall-clock]
Computing fact groups...
Finding invariants...
10 initial candidates
Finding invariants: [0.000s CPU, 0.002s wall-clock]
Checking invariant weight... [0.000s CPU, 0.000s wall-clock]
Instantiating groups... [0.000s CPU, 0.000s wall-clock]
Collecting mutex groups... [0.000s CPU, 0.000s wall-clock]
Choosing groups...
0 uncovered facts
Choosing groups: [0.000s CPU, 0.000s wall-clock]
Building translation key... [0.000s CPU, 0.000s wall-clock]
Computing fact groups: [0.010s CPU, 0.002s wall-clock]
Building STRIPS to SAS dictionary... [0.000s CPU, 0.000s wall-clock]
Building dictionary for full mutex groups... [0.000s CPU, 0.000s wall-clock]
Building mutex information...
Building mutex information: [0.000s CPU, 0.000s wall-clock]
Translating task...
Processing axioms...
Simplifying axioms... [0.000s CPU, 0.000s wall-clock]
Translator axioms removed by simplifying: 0
Computing negative axioms... [0.000s CPU, 0.000s wall-clock]
Processing axioms: [0.000s CPU, 0.000s wall-clock]
Translating task: [0.000s CPU, 0.002s wall-clock]
0 effect conditions simplified
0 implied preconditions added
Detecting unreachable propositions...
0 operators removed
0 axioms removed
3 propositions removed
Detecting unreachable propositions: [0.000s CPU, 0.001s wall-clock]
Reordering and filtering variables...
7 of 7 variables necessary.
4 of 7 mutex groups necessary.
34 of 34 operators necessary.
0 of 0 axiom rules necessary.
Reordering and filtering variables: [0.000s CPU, 0.001s wall-clock]
Translator variables: 7
Translator derived variables: 0
Translator facts: 24
Translator goal facts: 4
Translator mutex groups: 4
Translator total mutex groups size: 16
Translator operators: 34
Translator axioms: 0
Translator task size: 233
Translator peak memory: 43728 KB
Writing output... [0.000s CPU, 0.001s wall-clock]
Done! [0.020s CPU, 0.015s wall-clock]
translate exit code: 0

INFO     Running search (release).
INFO     search stdin: output.sas
INFO     search time limit: 299s
INFO     search memory limit: 3584 MB
INFO     search command line string: /home/luka/Thesis/downward/experiments/ObslukThesis/data/2020-09-11-A-cg-vs-ff/code-a80d46767301cbda270fa823af235024b24560e8_e5e41175/builds/release/bin/downward --search 'eager_greedy([ff(transform=adapt_costs(one))])' --internal-plan-file sas_plan < output.sas
[t=0s, 11388 KB] reading input...
[t=0s, 11388 KB] done reading input!
[t=0.00399288s, 11644 KB] Simplifying 66 unary operators... done! [66 unary operators]
[t=0.00399288s, 11644 KB] time to simplify: 0s
[t=0.00399288s, 11644 KB] Initializing additive heuristic...
[t=0.00399288s, 11644 KB] Initializing FF heuristic...
[t=0.00399288s, 11644 KB] Building successor generator...done!
[t=0.00399288s, 11644 KB] peak memory difference for successor generator creation: 0 KB
[t=0.00399288s, 11644 KB] time for successor generation creation: 0s
[t=0.00399288s, 11644 KB] Variables: 7
[t=0.00399288s, 11644 KB] FactPairs: 24
[t=0.00399288s, 11644 KB] Bytes per state: 4
[t=0.00399288s, 11644 KB] Conducting best first search without reopening closed nodes, (real) bound = 2147483647
[t=0.00399288s, 11644 KB] New best heuristic value for ff(transform=adapt_costs(one)): 9
[t=0.00399288s, 11644 KB] g=0, 1 evaluated, 0 expanded
[t=0.00399288s, 11644 KB] Initial heuristic value for ff(transform=adapt_costs(one)): 9
[t=0.00399288s, 11644 KB] pruning method: none
[t=0.00399288s, 11644 KB] New best heuristic value for ff(transform=adapt_costs(one)): 8
[t=0.00399288s, 11644 KB] g=1, 3 evaluated, 1 expanded
[t=0.00399288s, 11644 KB] New best heuristic value for ff(transform=adapt_costs(one)): 7
[t=0.00399288s, 11644 KB] g=3, 31 evaluated, 10 expanded
[t=0.00399288s, 11644 KB] New best heuristic value for ff(transform=adapt_costs(one)): 6
[t=0.00399288s, 11644 KB] g=5, 33 evaluated, 12 expanded
[t=0.00399288s, 11644 KB] New best heuristic value for ff(transform=adapt_costs(one)): 5
[t=0.00399288s, 11644 KB] g=7, 51 evaluated, 19 expanded
[t=0.00399288s, 11644 KB] New best heuristic value for ff(transform=adapt_costs(one)): 4
[t=0.00399288s, 11644 KB] g=9, 56 evaluated, 21 expanded
[t=0.00399288s, 11644 KB] New best heuristic value for ff(transform=adapt_costs(one)): 3
[t=0.00399288s, 11644 KB] g=10, 61 evaluated, 22 expanded
[t=0.00399288s, 11644 KB] New best heuristic value for ff(transform=adapt_costs(one)): 2
[t=0.00399288s, 11644 KB] g=11, 62 evaluated, 23 expanded
[t=0.00399288s, 11644 KB] New best heuristic value for ff(transform=adapt_costs(one)): 1
[t=0.00399288s, 11644 KB] g=12, 63 evaluated, 24 expanded
[t=0.00399288s, 11644 KB] New best heuristic value for ff(transform=adapt_costs(one)): 0
[t=0.00399288s, 11644 KB] g=13, 68 evaluated, 25 expanded
[t=0.00399288s, 11644 KB] Solution found!
[t=0.00399288s, 11644 KB] Actual search time: 0s
pick ball1 rooma left (1)
move rooma roomb (1)
drop ball1 roomb left (1)
move roomb rooma (1)
pick ball2 rooma left (1)
move rooma roomb (1)
drop ball2 roomb left (1)
move roomb rooma (1)
pick ball3 rooma left (1)
pick ball4 rooma right (1)
move rooma roomb (1)
drop ball3 roomb left (1)
drop ball4 roomb right (1)
[t=0.00399288s, 11644 KB] Plan length: 13 step(s).
[t=0.00399288s, 11644 KB] Plan cost: 13
[t=0.00399288s, 11644 KB] Expanded 26 state(s).
[t=0.00399288s, 11644 KB] Reopened 0 state(s).
[t=0.00399288s, 11644 KB] Evaluated 68 state(s).
[t=0.00399288s, 11644 KB] Evaluations: 68
[t=0.00399288s, 11644 KB] Generated 112 state(s).
[t=0.00399288s, 11644 KB] Dead ends: 0 state(s).
[t=0.00399288s, 11644 KB] Number of registered states: 68
[t=0.00399288s, 11644 KB] Int hash set load factor: 68/128 = 0.53125
[t=0.00399288s, 11644 KB] Int hash set resizes: 7
[t=0.00399288s, 11644 KB] Search time: 0s
[t=0.00399288s, 11644 KB] Total time: 0.00399288s
Solution found.
Peak memory: 11644 KB
Remove intermediate file output.sas
search exit code: 0

INFO     Running validate.
INFO     validate stdin: None
INFO     validate time limit: None
INFO     validate memory limit: None
INFO     validate command line string: validate domain.pddl problem.pddl sas_plan
